<?xml version="1.0" encoding="UTF-8"?>
<testsuite xmlns:xsi="http://www.w3.org/2001/XMLSchema-instance" xsi:noNamespaceSchemaLocation="https://maven.apache.org/surefire/maven-surefire-plugin/xsd/surefire-test-report.xsd" name="pers.sunny.blog.SunnyblogApplicationTests" time="11.094" tests="12" errors="0" skipped="0" failures="0">
  <properties>
[...]
</properties>
  <testcase name="test10" classname="pers.sunny.blog.SunnyblogApplicationTests" time="1.34"/>
  <testcase name="test11" classname="pers.sunny.blog.SunnyblogApplicationTests" time="0.046"/>
  <testcase name="test1" classname="pers.sunny.blog.SunnyblogApplicationTests" time="0.008"/>
  <testcase name="test2" classname="pers.sunny.blog.SunnyblogApplicationTests" time="0.096"/>
  <testcase name="test3" classname="pers.sunny.blog.SunnyblogApplicationTests" time="0.023"/>
  <testcase name="test4" classname="pers.sunny.blog.SunnyblogApplicationTests" time="0.865"/>
  <testcase name="test5" classname="pers.sunny.blog.SunnyblogApplicationTests" time="0.037"/>
  <testcase name="test6" classname="pers.sunny.blog.SunnyblogApplicationTests" time="0.041"/>
  <testcase name="test7" classname="pers.sunny.blog.SunnyblogApplicationTests" time="0.064"/>
  <testcase name="test8" classname="pers.sunny.blog.SunnyblogApplicationTests" time="0.038"/>
  <testcase name="test9" classname="pers.sunny.blog.SunnyblogApplicationTests" time="0.122"/>
  <testcase name="contextLoads" classname="pers.sunny.blog.SunnyblogApplicationTests" time="0.015"/>
</testsuite>